<?xml version="1.0" encoding="UTF-8"?>
<testng-results ignored="0" total="5" passed="5" failed="0" skipped="0">
  <reporter-output>
  </reporter-output>
  <suite started-at="2022-12-03T09:11:58 MSK" name="AirportTest" finished-at="2022-12-03T09:11:58 MSK" duration-ms="69">
    <groups>
    </groups>
    <test started-at="2022-12-03T09:11:58 MSK" name="Command line test" finished-at="2022-12-03T09:11:58 MSK" duration-ms="69">
      <class name="AirportTest">
        <test-method signature="testEqualsLoadCapacityNextAndCurrent()[pri:0, instance:AirportTest@687080dc]" started-at="2022-12-03T09:11:58 MSK" name="testEqualsLoadCapacityNextAndCurrent" finished-at="2022-12-03T09:11:58 MSK" duration-ms="20" status="PASS">
          <reporter-output>
          </reporter-output>
        </test-method> <!-- testEqualsLoadCapacityNextAndCurrent -->
        <test-method signature="testExperimentalPlanesHasClassificationLevelHigherThanUnclassified()[pri:0, instance:AirportTest@687080dc]" started-at="2022-12-03T09:11:58 MSK" name="testExperimentalPlanesHasClassificationLevelHigherThanUnclassified" finished-at="2022-12-03T09:11:58 MSK" duration-ms="0" status="PASS">
          <reporter-output>
          </reporter-output>
        </test-method> <!-- testExperimentalPlanesHasClassificationLevelHigherThanUnclassified -->
        <test-method signature="testGetPassengerPlaneWithMaxCapacity()[pri:0, instance:AirportTest@687080dc]" started-at="2022-12-03T09:11:58 MSK" name="testGetPassengerPlaneWithMaxCapacity" finished-at="2022-12-03T09:11:58 MSK" duration-ms="0" status="PASS">
          <reporter-output>
          </reporter-output>
        </test-method> <!-- testGetPassengerPlaneWithMaxCapacity -->
        <test-method signature="testGetTransportMilitaryPlanes()[pri:0, instance:AirportTest@687080dc]" started-at="2022-12-03T09:11:58 MSK" name="testGetTransportMilitaryPlanes" finished-at="2022-12-03T09:11:58 MSK" duration-ms="0" status="PASS">
          <reporter-output>
          </reporter-output>
        </test-method> <!-- testGetTransportMilitaryPlanes -->
        <test-method signature="testHasAtLeastOneBomberInMilitaryPlanes()[pri:0, instance:AirportTest@687080dc]" started-at="2022-12-03T09:11:58 MSK" name="testHasAtLeastOneBomberInMilitaryPlanes" finished-at="2022-12-03T09:11:58 MSK" duration-ms="0" status="PASS">
          <reporter-output>
          </reporter-output>
        </test-method> <!-- testHasAtLeastOneBomberInMilitaryPlanes -->
      </class> <!-- AirportTest -->
    </test> <!-- Command line test -->
  </suite> <!-- AirportTest -->
</testng-results>
