<?xml version="1.0" encoding="UTF-8" ?>
<testsuite tests="4" failures="0" name="com.luxygod.automation.AppTest" time="0.009" errors="0" skipped="0">
  <properties>
[...]
</properties>
  <testcase classname="com.luxygod.automation.AppTest" name="testdelit" time="0.009"/>
  <testcase classname="com.luxygod.automation.AppTest" name="testminus" time="0"/>
  <testcase classname="com.luxygod.automation.AppTest" name="testumnoz" time="0"/>
  <testcase classname="com.luxygod.automation.AppTest" name="testplus" time="0"/>
</testsuite>