<?xml version="1.0" encoding="UTF-8"?>
<!-- Generated by org.testng.reporters.JUnitXMLReporter -->
<testsuite ignored="0" hostname="luxygod" failures="0" tests="5" name="Command line test" time="0.069" errors="0" timestamp="2022-12-03T09:11:58 MSK">
  <testcase classname="AirportTest" name="testEqualsLoadCapacityNextAndCurrent" time="0.02"/>
  <testcase classname="AirportTest" name="testExperimentalPlanesHasClassificationLevelHigherThanUnclassified" time="0.0"/>
  <testcase classname="AirportTest" name="testGetPassengerPlaneWithMaxCapacity" time="0.0"/>
  <testcase classname="AirportTest" name="testGetTransportMilitaryPlanes" time="0.0"/>
  <testcase classname="AirportTest" name="testHasAtLeastOneBomberInMilitaryPlanes" time="0.0"/>
</testsuite> <!-- Command line test -->
